INFO - do_transition - 2025-05-25 14:32:50,139 - main
INFO - do_transition - 2025-05-25 14:32:50,139 - welcome
INFO - run - 2025-05-25 14:32:50,139 - current screen: <Screens.main_screen.WelcomeScreen object at 0x119e54910>
INFO - do_transition - 2025-05-25 14:32:55,608 - welcome
INFO - do_transition - 2025-05-25 14:32:55,608 - transaction
INFO - run - 2025-05-25 14:32:55,608 - current screen: <Screens.main_screen.TransactionScreen object at 0x119e54b50>
INFO - add_request - 2025-05-25 14:35:12,520 - ['transport', 'groceries']
INFO - add_request - 2025-05-25 14:35:12,521 - 91
INFO - add_request - 2025-05-25 14:35:12,521 - ['transport', 'groceries']
INFO - add_request - 2025-05-25 14:35:12,521 - 66
INFO - add_request - 2025-05-25 14:35:12,521 - Up/down
INFO - add_request - 2025-05-25 14:35:12,521 - down
DEBUG - add_request - 2025-05-25 14:35:12,521 - focus: 1
DEBUG - add_request - 2025-05-25 14:35:12,521 - category: groceries
INFO - add_request - 2025-05-25 14:35:12,906 - 259
INFO - add_request - 2025-05-25 14:35:12,906 - Up/down
INFO - add_request - 2025-05-25 14:35:12,906 - up
INFO - add_request - 2025-05-25 14:35:13,578 - 105
INFO - add_request - 2025-05-25 14:35:21,788 - ['transport', 'groceries', 'groceris']
INFO - add_request - 2025-05-25 14:35:22,309 - 258
INFO - add_request - 2025-05-25 14:35:22,316 - Up/down
INFO - add_request - 2025-05-25 14:35:22,316 - down
DEBUG - add_request - 2025-05-25 14:35:22,316 - focus: 1
DEBUG - add_request - 2025-05-25 14:35:22,316 - category: groceris
INFO - add_request - 2025-05-25 14:35:23,988 - 258
INFO - add_request - 2025-05-25 14:35:23,988 - Up/down
INFO - add_request - 2025-05-25 14:35:23,988 - down
DEBUG - add_request - 2025-05-25 14:35:23,988 - focus: 2
DEBUG - add_request - 2025-05-25 14:35:23,989 - category: groceris
INFO - add_request - 2025-05-25 14:35:24,711 - 259
INFO - add_request - 2025-05-25 14:35:24,711 - Up/down
INFO - add_request - 2025-05-25 14:35:24,711 - up
INFO - add_request - 2025-05-25 14:35:25,328 - 258
INFO - add_request - 2025-05-25 14:35:25,328 - Up/down
INFO - add_request - 2025-05-25 14:35:25,328 - down
DEBUG - add_request - 2025-05-25 14:35:25,328 - focus: 2
DEBUG - add_request - 2025-05-25 14:35:25,329 - category: groceris
INFO - add_request - 2025-05-25 14:35:27,642 - 105
DEBUG - note_handler - 2025-05-25 14:35:27,642 - 105
INFO - note_handler - 2025-05-25 14:35:27,642 - insert
INFO - create_note - 2025-05-25 14:35:27,643 - note_win
DEBUG - create_note - 2025-05-25 14:35:28,600 - 
DEBUG - create_note - 2025-05-25 14:35:28,600 - key:H
INFO - handle_typing - 2025-05-25 14:35:28,601 - note before: 
INFO - handle_typing - 2025-05-25 14:35:28,601 - note after: H
DEBUG - create_note - 2025-05-25 14:35:28,878 - H
DEBUG - create_note - 2025-05-25 14:35:28,878 - key:e
INFO - handle_typing - 2025-05-25 14:35:28,879 - note before: H
INFO - handle_typing - 2025-05-25 14:35:28,879 - note after: He
DEBUG - create_note - 2025-05-25 14:35:28,969 - He
DEBUG - create_note - 2025-05-25 14:35:28,969 - key:l
INFO - handle_typing - 2025-05-25 14:35:28,969 - note before: He
INFO - handle_typing - 2025-05-25 14:35:28,970 - note after: Hel
DEBUG - create_note - 2025-05-25 14:35:29,120 - Hel
DEBUG - create_note - 2025-05-25 14:35:29,120 - key:l
INFO - handle_typing - 2025-05-25 14:35:29,120 - note before: Hel
INFO - handle_typing - 2025-05-25 14:35:29,120 - note after: Hell
DEBUG - create_note - 2025-05-25 14:35:29,266 - Hell
DEBUG - create_note - 2025-05-25 14:35:29,266 - key:o
INFO - handle_typing - 2025-05-25 14:35:29,266 - note before: Hell
INFO - handle_typing - 2025-05-25 14:35:29,266 - note after: Hello
INFO - create_note - 2025-05-25 14:35:30,004 - note: Hello
INFO - add_request - 2025-05-25 14:35:30,004 - 5
INFO - add_request - 2025-05-25 14:35:30,741 - 259
INFO - add_request - 2025-05-25 14:35:30,741 - Up/down
INFO - add_request - 2025-05-25 14:35:30,741 - up
INFO - add_request - 2025-05-25 14:35:31,185 - 258
INFO - add_request - 2025-05-25 14:35:31,185 - Up/down
INFO - add_request - 2025-05-25 14:35:31,185 - down
DEBUG - add_request - 2025-05-25 14:35:31,185 - focus: 2
DEBUG - add_request - 2025-05-25 14:35:31,185 - category: groceris
INFO - add_request - 2025-05-25 14:35:49,545 - 259
INFO - add_request - 2025-05-25 14:35:49,546 - Up/down
INFO - add_request - 2025-05-25 14:35:49,546 - up
INFO - add_request - 2025-05-25 14:35:50,227 - 259
INFO - add_request - 2025-05-25 14:35:50,227 - Up/down
INFO - add_request - 2025-05-25 14:35:50,227 - up
INFO - add_request - 2025-05-25 14:35:50,682 - 258
INFO - add_request - 2025-05-25 14:35:50,682 - Up/down
INFO - add_request - 2025-05-25 14:35:50,682 - down
DEBUG - add_request - 2025-05-25 14:35:50,682 - focus: 1
DEBUG - add_request - 2025-05-25 14:35:50,682 - category: groceris
INFO - add_request - 2025-05-25 14:35:51,600 - 105
INFO - create_date - 2025-05-25 14:36:01,461 - date_str entered succesfylly
INFO - add_request - 2025-05-25 14:36:01,886 - 259
INFO - add_request - 2025-05-25 14:36:01,886 - Up/down
INFO - add_request - 2025-05-25 14:36:01,886 - up
INFO - add_request - 2025-05-25 14:36:02,239 - 258
INFO - add_request - 2025-05-25 14:36:02,239 - Up/down
INFO - add_request - 2025-05-25 14:36:02,239 - down
DEBUG - add_request - 2025-05-25 14:36:02,239 - focus: 1
DEBUG - add_request - 2025-05-25 14:36:02,239 - category: groceris
INFO - add_request - 2025-05-25 14:36:02,691 - 260
INFO - add_request - 2025-05-25 14:36:03,144 - 259
INFO - add_request - 2025-05-25 14:36:03,144 - Up/down
INFO - add_request - 2025-05-25 14:36:03,144 - up
INFO - add_request - 2025-05-25 14:36:06,014 - 27
INFO - add_request - 2025-05-25 14:36:06,014 - ['transport', 'groceries', 'groceris']
INFO - add_request - 2025-05-25 14:36:06,014 - 259
INFO - add_request - 2025-05-25 14:36:06,014 - Up/down
INFO - add_request - 2025-05-25 14:36:06,015 - up
INFO - add_request - 2025-05-25 14:36:06,384 - 258
INFO - add_request - 2025-05-25 14:36:06,384 - Up/down
INFO - add_request - 2025-05-25 14:36:06,384 - down
DEBUG - add_request - 2025-05-25 14:36:06,384 - focus: 0
DEBUG - add_request - 2025-05-25 14:36:06,384 - category: groceris
INFO - add_request - 2025-05-25 14:37:30,297 - 115
INFO - do_transition - 2025-05-25 14:37:30,297 - analysis
INFO - do_transition - 2025-05-25 14:37:30,297 - analysis
INFO - initialize - 2025-05-25 14:37:30,297 - Returning analysis window
INFO - run - 2025-05-25 14:37:30,316 - current screen: <Screens.analysis_screen.AnalysisScreen object at 0x119e57ca0>
INFO - show_stats - 2025-05-25 14:37:30,317 - 2025-05
INFO - show_stats - 2025-05-25 14:37:30,348 - This month data: defaultdict(None, {'total_spent': 15.0, 'total_earned': 1000.0, 'total_profit': 985.0, 'top_spendings': {'transport': 15.0}, 'top_frequent': {'salary': 1, 'transport': 1}})
INFO - show_stats - 2025-05-25 14:37:30,348 - Previous month data: defaultdict(None, {'total_spent': 67.42, 'total_earned': 1102.0, 'total_profit': 1034.58, 'top_spendings': {'clothes': 43.2, 'restaurant': 24.22}, 'top_frequent': {'clothes': 1, 'groceries': 1, 'restaurant': 1, 'salary': 1}})
INFO - show_stats - 2025-05-25 14:37:30,348 - Summary data: defaultdict(None, {'avg_spendings_per_month': 111.98, 'spendings_per_month': {'2025-03': 253.51999999999998, '2025-04': 67.42, '2025-05': 15.0}, 'category_per_month': {'groceries': 15.406666666666666, 'clothes': 11.84666666666667, 'restaurant': 10.786666666666667, 'home': 9.049999999999999, 'presents': 4.316666666666666}})
INFO - do_transition - 2025-05-25 14:37:31,275 - transaction
INFO - do_transition - 2025-05-25 14:37:31,275 - transaction
INFO - run - 2025-05-25 14:37:31,275 - current screen: <Screens.main_screen.TransactionScreen object at 0x119e54b50>
INFO - run - 2025-05-25 14:37:53,958 - quit
